<?xml version="1.0" encoding="UTF-8"?>
<testsuite xmlns:xsi="http://www.w3.org/2001/XMLSchema-instance" xsi:noNamespaceSchemaLocation="https://maven.apache.org/surefire/maven-surefire-plugin/xsd/surefire-test-report.xsd" name="com.ex.ers.services.PersonServiceTest" time="0.525" tests="4" errors="0" skipped="0" failures="0">
  <properties>
[...]
</properties>
  <testcase name="shouldGetAll" classname="com.ex.ers.services.PersonServiceTest" time="0.274"/>
  <testcase name="shouldSaveNewUser" classname="com.ex.ers.services.PersonServiceTest" time="0.002"/>
  <testcase name="shouldCheckForExistingUsername" classname="com.ex.ers.services.PersonServiceTest" time="0.001"/>
  <testcase name="shouldLoginPerson" classname="com.ex.ers.services.PersonServiceTest" time="0.001"/>
</testsuite>